{"/home/hvedrung/projects/ciphering-cli-tool/constants.js": {"path":"/home/hvedrung/projects/ciphering-cli-tool/constants.js","statementMap":{"0":{"start":{"line":1,"column":30},"end":{"line":1,"column":32}},"1":{"start":{"line":3,"column":25},"end":{"line":6,"column":1}},"2":{"start":{"line":8,"column":25},"end":{"line":11,"column":1}},"3":{"start":{"line":13,"column":22},"end":{"line":16,"column":1}},"4":{"start":{"line":18,"column":23},"end":{"line":18,"column":38}},"5":{"start":{"line":19,"column":21},"end":{"line":19,"column":31}}},"fnMap":{},"branchMap":{},"s":{"0":1,"1":1,"2":1,"3":1,"4":1,"5":1},"f":{},"b":{},"_coverageSchema":"1a1c01bbd47fc00a2c39e90264f33305004495a9","hash":"62f31789f394b1a6dd920252a6609049cf0b65d1"}
,"/home/hvedrung/projects/ciphering-cli-tool/validator.js": {"path":"/home/hvedrung/projects/ciphering-cli-tool/validator.js","statementMap":{"0":{"start":{"line":4,"column":2},"end":{"line":6,"column":3}},"1":{"start":{"line":5,"column":4},"end":{"line":5,"column":17}},"2":{"start":{"line":10,"column":20},"end":{"line":10,"column":37}},"3":{"start":{"line":12,"column":2},"end":{"line":24,"column":5}},"4":{"start":{"line":13,"column":4},"end":{"line":15,"column":5}},"5":{"start":{"line":14,"column":6},"end":{"line":14,"column":25}},"6":{"start":{"line":16,"column":4},"end":{"line":20,"column":5}},"7":{"start":{"line":17,"column":6},"end":{"line":17,"column":25}},"8":{"start":{"line":18,"column":11},"end":{"line":20,"column":5}},"9":{"start":{"line":19,"column":6},"end":{"line":19,"column":25}},"10":{"start":{"line":21,"column":4},"end":{"line":23,"column":5}},"11":{"start":{"line":22,"column":6},"end":{"line":22,"column":25}},"12":{"start":{"line":26,"column":2},"end":{"line":28,"column":3}},"13":{"start":{"line":27,"column":4},"end":{"line":27,"column":23}},"14":{"start":{"line":30,"column":2},"end":{"line":30,"column":16}}},"fnMap":{"0":{"name":"validator","decl":{"start":{"line":3,"column":16},"end":{"line":3,"column":25}},"loc":{"start":{"line":3,"column":34},"end":{"line":31,"column":1}},"line":3},"1":{"name":"(anonymous_1)","decl":{"start":{"line":12,"column":20},"end":{"line":12,"column":21}},"loc":{"start":{"line":12,"column":28},"end":{"line":24,"column":3}},"line":12}},"branchMap":{"0":{"loc":{"start":{"line":4,"column":2},"end":{"line":6,"column":3}},"type":"if","locations":[{"start":{"line":4,"column":2},"end":{"line":6,"column":3}},{"start":{},"end":{}}],"line":4},"1":{"loc":{"start":{"line":13,"column":4},"end":{"line":15,"column":5}},"type":"if","locations":[{"start":{"line":13,"column":4},"end":{"line":15,"column":5}},{"start":{},"end":{}}],"line":13},"2":{"loc":{"start":{"line":16,"column":4},"end":{"line":20,"column":5}},"type":"if","locations":[{"start":{"line":16,"column":4},"end":{"line":20,"column":5}},{"start":{"line":18,"column":11},"end":{"line":20,"column":5}}],"line":16},"3":{"loc":{"start":{"line":16,"column":8},"end":{"line":16,"column":47}},"type":"binary-expr","locations":[{"start":{"line":16,"column":8},"end":{"line":16,"column":28}},{"start":{"line":16,"column":32},"end":{"line":16,"column":47}}],"line":16},"4":{"loc":{"start":{"line":18,"column":11},"end":{"line":20,"column":5}},"type":"if","locations":[{"start":{"line":18,"column":11},"end":{"line":20,"column":5}},{"start":{},"end":{}}],"line":18},"5":{"loc":{"start":{"line":18,"column":15},"end":{"line":18,"column":54}},"type":"binary-expr","locations":[{"start":{"line":18,"column":15},"end":{"line":18,"column":30}},{"start":{"line":18,"column":34},"end":{"line":18,"column":54}}],"line":18},"6":{"loc":{"start":{"line":21,"column":4},"end":{"line":23,"column":5}},"type":"if","locations":[{"start":{"line":21,"column":4},"end":{"line":23,"column":5}},{"start":{},"end":{}}],"line":21},"7":{"loc":{"start":{"line":21,"column":8},"end":{"line":21,"column":61}},"type":"binary-expr","locations":[{"start":{"line":21,"column":8},"end":{"line":21,"column":28}},{"start":{"line":21,"column":32},"end":{"line":21,"column":61}}],"line":21},"8":{"loc":{"start":{"line":26,"column":2},"end":{"line":28,"column":3}},"type":"if","locations":[{"start":{"line":26,"column":2},"end":{"line":28,"column":3}},{"start":{},"end":{}}],"line":26}},"s":{"0":6,"1":1,"2":5,"3":5,"4":12,"5":1,"6":12,"7":1,"8":11,"9":1,"10":12,"11":2,"12":5,"13":1,"14":5},"f":{"0":6,"1":12},"b":{"0":[1,5],"1":[1,11],"2":[1,11],"3":[12,5],"4":[1,10],"5":[11,5],"6":[2,10],"7":[12,7],"8":[1,4]},"_coverageSchema":"1a1c01bbd47fc00a2c39e90264f33305004495a9","hash":"b8ac389e03bd247ec0b6d65fa54d3dda829bd6ba"}
}
