TN:
SF:constants.js
FNF:0
FNH:0
DA:1,1
DA:3,1
DA:8,1
DA:13,1
DA:18,1
DA:19,1
LF:6
LH:6
BRF:0
BRH:0
end_of_record
TN:
SF:validator.js
FN:3,validator
FN:12,(anonymous_1)
FNF:2
FNH:2
FNDA:6,validator
FNDA:12,(anonymous_1)
DA:4,6
DA:5,1
DA:10,5
DA:12,5
DA:13,12
DA:14,1
DA:16,12
DA:17,1
DA:18,11
DA:19,1
DA:21,12
DA:22,2
DA:26,5
DA:27,1
DA:30,5
LF:15
LH:15
BRDA:4,0,0,1
BRDA:4,0,1,5
BRDA:13,1,0,1
BRDA:13,1,1,11
BRDA:16,2,0,1
BRDA:16,2,1,11
BRDA:16,3,0,12
BRDA:16,3,1,5
BRDA:18,4,0,1
BRDA:18,4,1,10
BRDA:18,5,0,11
BRDA:18,5,1,5
BRDA:21,6,0,2
BRDA:21,6,1,10
BRDA:21,7,0,12
BRDA:21,7,1,7
BRDA:26,8,0,1
BRDA:26,8,1,4
BRF:18
BRH:18
end_of_record
